\BOOKMARK [0][]{Doc-Start}{\376\377\000S\000U\000R\000A\000T\000\040\000P\000E\000R\000N\000Y\000A\000T\000A\000A\000N\000\040\000K\000E\000A\000S\000L\000I\000A\000N\000\040\000S\000K\000R\000I\000P\000S\000I}{}% 1
\BOOKMARK [0][]{Item.5}{\376\377\000L\000E\000M\000B\000A\000R\000\040\000P\000E\000R\000S\000E\000T\000U\000J\000U\000A\000N}{}% 2
\BOOKMARK [0][]{Item.5}{\376\377\000L\000E\000M\000B\000A\000R\000\040\000P\000E\000N\000G\000E\000S\000A\000H\000A\000N}{}% 3
\BOOKMARK [0][]{Item.5}{\376\377\000L\000E\000M\000B\000A\000R\000\040\000P\000E\000R\000S\000E\000M\000B\000A\000H\000A\000N}{}% 4
\BOOKMARK [0][]{Item.5}{\376\377\000A\000B\000S\000T\000R\000A\000K}{}% 5
\BOOKMARK [0][]{Item.5}{\376\377\000A\000B\000S\000T\000R\000A\000C\000T}{}% 6
\BOOKMARK [0][]{Item.5}{\376\377\000K\000A\000T\000A\000\040\000P\000E\000N\000G\000A\000N\000T\000A\000R}{}% 7
\BOOKMARK [0][]{Item.13}{\376\377\000D\000A\000F\000T\000A\000R\000\040\000I\000S\000I}{}% 8
\BOOKMARK [0][]{Item.13}{\376\377\000D\000A\000F\000T\000A\000R\000\040\000G\000A\000M\000B\000A\000R}{}% 9
\BOOKMARK [0][]{Item.13}{\376\377\000D\000A\000F\000T\000A\000R\000\040\000T\000A\000B\000E\000L}{}% 10
\BOOKMARK [0][]{Item.13}{\376\377\000D\000A\000F\000T\000A\000R\000\040\000S\000I\000N\000G\000K\000A\000T\000A\000N}{}% 11
\BOOKMARK [0][]{Item.13}{\376\377\000D\000A\000F\000T\000A\000R\000\040\000S\000I\000M\000B\000O\000L\000\040\000D\000A\000N\000\040\000O\000P\000E\000R\000A\000T\000O\000R}{}% 12
\BOOKMARK [0][]{chapter.1}{\376\377\0001\000\040\000P\000E\000N\000D\000A\000H\000U\000L\000U\000A\000N}{}% 13
\BOOKMARK [1][]{section.1.1}{\376\377\0001\000.\0001\000\040\000L\000a\000t\000a\000r\000\040\000B\000e\000l\000a\000k\000a\000n\000g}{chapter.1}% 14
\BOOKMARK [1][]{section.1.2}{\376\377\0001\000.\0002\000\040\000T\000u\000j\000u\000a\000n\000\040\000P\000e\000n\000e\000l\000i\000t\000i\000a\000n}{chapter.1}% 15
\BOOKMARK [1][]{section.1.3}{\376\377\0001\000.\0003\000\040\000R\000u\000m\000u\000s\000a\000n\000\040\000M\000a\000s\000a\000l\000a\000h}{chapter.1}% 16
\BOOKMARK [1][]{section.1.4}{\376\377\0001\000.\0004\000\040\000B\000a\000t\000a\000s\000a\000n\000\040\000M\000a\000s\000a\000l\000a\000h}{chapter.1}% 17
\BOOKMARK [1][]{section.1.5}{\376\377\0001\000.\0005\000\040\000M\000e\000t\000o\000d\000e\000\040\000P\000e\000n\000g\000u\000m\000p\000u\000l\000a\000n\000\040\000D\000a\000t\000a}{chapter.1}% 18
\BOOKMARK [1][]{section.1.6}{\376\377\0001\000.\0006\000\040\000S\000i\000s\000t\000e\000m\000a\000t\000i\000k\000a\000\040\000P\000e\000n\000u\000l\000i\000s\000a\000n}{chapter.1}% 19
\BOOKMARK [0][]{chapter.2}{\376\377\0002\000\040\000T\000E\000O\000R\000I\000\040\000D\000A\000S\000A\000R}{}% 20
\BOOKMARK [1][]{section.2.1}{\376\377\0002\000.\0001\000\040\000P\000e\000n\000g\000e\000r\000t\000i\000a\000n\000\040\000F\000l\000o\000c\000k\000i\000n\000g}{chapter.2}% 21
\BOOKMARK [1][]{section.2.2}{\376\377\0002\000.\0002\000\040\000G\000a\000y\000a\000\040\000d\000a\000l\000a\000m\000\040\000F\000l\000o\000c\000k\000i\000n\000g}{chapter.2}% 22
\BOOKMARK [1][]{section.2.3}{\376\377\0002\000.\0003\000\040\000A\000p\000l\000i\000k\000a\000s\000i\000\040\000g\000a\000y\000a}{chapter.2}% 23
\BOOKMARK [2][]{subsection.2.3.1}{\376\377\0002\000.\0003\000.\0001\000\040\000A\000l\000i\000g\000n\000m\000e\000n\000t}{section.2.3}% 24
\BOOKMARK [2][]{subsection.2.3.2}{\376\377\0002\000.\0003\000.\0002\000\040\000C\000o\000h\000e\000s\000i\000o\000n}{section.2.3}% 25
\BOOKMARK [2][]{subsection.2.3.3}{\376\377\0002\000.\0003\000.\0003\000\040\000S\000e\000p\000a\000r\000a\000t\000i\000o\000n}{section.2.3}% 26
\BOOKMARK [2][]{subsection.2.3.4}{\376\377\0002\000.\0003\000.\0004\000\040\000C\000i\000r\000c\000u\000l\000a\000r\000\040\000M\000o\000t\000i\000o\000n}{section.2.3}% 27
\BOOKMARK [1][]{section.2.4}{\376\377\0002\000.\0004\000\040\000M\000o\000d\000e\000l\000\040\000S\000i\000m\000u\000l\000a\000s\000i}{chapter.2}% 28
\BOOKMARK [2][]{subsection.2.4.1}{\376\377\0002\000.\0004\000.\0001\000\040\000M\000o\000d\000e\000l\000\040\000P\000a\000r\000t\000i\000k\000e\000l}{section.2.4}% 29
\BOOKMARK [2][]{subsection.2.4.2}{\376\377\0002\000.\0004\000.\0002\000\040\000M\000o\000d\000e\000l\000\040\000R\000u\000a\000n\000g\000\040\000P\000a\000r\000t\000i\000k\000e\000l}{section.2.4}% 30
\BOOKMARK [1][]{section.2.5}{\376\377\0002\000.\0005\000\040\000P\000e\000r\000s\000a\000m\000a\000a\000n\000\040\000D\000i\000s\000t\000r\000i\000b\000u\000s\000i\000\040\000N\000o\000r\000m\000a\000l\000\040}{chapter.2}% 31
\BOOKMARK [1][]{section.2.6}{\376\377\0002\000.\0006\000\040\000M\000e\000t\000o\000d\000e\000\040\000R\000u\000n\000g\000e\000\040\000K\000u\000t\000t\000a}{chapter.2}% 32
\BOOKMARK [0][]{chapter.3}{\376\377\0003\000\040\000M\000E\000T\000O\000D\000O\000L\000O\000G\000I\000\040\000P\000E\000N\000E\000L\000I\000T\000I\000A\000N}{}% 33
\BOOKMARK [1][]{section.3.1}{\376\377\0003\000.\0001\000\040\000A\000l\000a\000t\000\040\000y\000a\000n\000g\000\040\000D\000i\000g\000u\000n\000a\000k\000a\000n}{chapter.3}% 34
\BOOKMARK [2][]{subsection.3.1.1}{\376\377\0003\000.\0001\000.\0001\000\040\000P\000e\000r\000a\000n\000g\000k\000a\000t\000\040\000K\000e\000r\000a\000s}{section.3.1}% 35
\BOOKMARK [2][]{subsection.3.1.2}{\376\377\0003\000.\0001\000.\0002\000\040\000P\000e\000r\000a\000n\000g\000k\000a\000t\000\040\000L\000u\000n\000a\000k}{section.3.1}% 36
\BOOKMARK [1][]{section.3.2}{\376\377\0003\000.\0002\000\040\000P\000e\000n\000e\000r\000a\000p\000a\000n\000\040\000G\000a\000y\000a}{chapter.3}% 37
\BOOKMARK [2][]{subsection.3.2.1}{\376\377\0003\000.\0002\000.\0001\000\040\000P\000e\000n\000e\000r\000a\000p\000a\000n\000\040\0003\000\040\000g\000a\000y\000a}{section.3.2}% 38
\BOOKMARK [2][]{subsection.3.2.2}{\376\377\0003\000.\0002\000.\0002\000\040\000P\000e\000n\000e\000r\000a\000p\000a\000n\000\040\0003\000\040\000g\000a\000y\000a\000\040\000d\000i\000t\000a\000m\000b\000a\000h\000\040\000g\000a\000y\000a\000\040\000c\000i\000r\000c\000u\000l\000a\000r}{section.3.2}% 39
\BOOKMARK [1][]{section.3.3}{\376\377\0003\000.\0003\000\040\000S\000i\000m\000u\000l\000a\000s\000i\000\040\000K\000o\000m\000p\000u\000t\000e\000r}{chapter.3}% 40
\BOOKMARK [1][]{section.3.4}{\376\377\0003\000.\0004\000\040\000P\000a\000r\000a\000m\000e\000t\000e\000r\000\040\000G\000a\000y\000a}{chapter.3}% 41
\BOOKMARK [2][]{subsection.3.4.1}{\376\377\0003\000.\0004\000.\0001\000\040\000P\000a\000r\000a\000m\000e\000t\000e\000r\000\040\000d\000a\000l\000a\000m\000\040\000p\000e\000r\000g\000e\000r\000a\000k\000a\000n\000\040\000g\000a\000y\000a}{section.3.4}% 42
\BOOKMARK [2][]{subsection.3.4.2}{\376\377\0003\000.\0004\000.\0002\000\040\000P\000a\000r\000a\000m\000e\000t\000e\000r\000\040\000v\000a\000r\000i\000a\000s\000i\000\040\000p\000a\000r\000t\000i\000k\000e\000l\000\040\000y\000a\000n\000g\000\040\000d\000i\000t\000a\000m\000b\000a\000h\000k\000a\000n\000\040\000d\000a\000l\000a\000m\000\040\000s\000i\000m\000u\000l\000a\000s\000i}{section.3.4}% 43
\BOOKMARK [0][]{chapter.4}{\376\377\0004\000\040\000H\000a\000s\000i\000l\000\040\000d\000a\000n\000\040\000P\000e\000m\000b\000a\000h\000a\000s\000a\000n}{}% 44
\BOOKMARK [1][]{section.4.1}{\376\377\0004\000.\0001\000\040\000F\000l\000o\000c\000k\000i\000n\000g\000\040\000t\000a\000n\000p\000a\000\040\000C\000i\000r\000c\000u\000l\000a\000r\000\040\000M\000o\000t\000i\000o\000n}{chapter.4}% 45
\BOOKMARK [1][]{section.4.2}{\376\377\0004\000.\0002\000\040\000F\000l\000o\000c\000k\000i\000n\000g\000\040\000d\000e\000n\000g\000a\000n\000\040\000G\000a\000y\000a\000\040\000D\000o\000m\000i\000n\000a\000n\000\050\000C\000i\000r\000c\000u\000l\000a\000r\000\040\000M\000o\000t\000i\000o\000n\000\051}{chapter.4}% 46
\BOOKMARK [1][]{section.4.3}{\376\377\0004\000.\0003\000\040\000F\000l\000o\000c\000k\000i\000n\000g\000\040\000d\000e\000n\000g\000a\000n\000\040\000G\000a\000y\000a\000\040\000D\000o\000m\000i\000n\000a\000n\000\050\000C\000i\000r\000c\000u\000l\000a\000r\000\040\000M\000o\000t\000i\000o\000n\000\051\000\040\000p\000a\000r\000t\000i\000k\000e\000l\000\040\000d\000e\000n\000g\000a\000n\000\040\000K\000a\000r\000a\000k\000t\000e\000r\000i\000s\000t\000i\000k}{chapter.4}% 47
\BOOKMARK [1][]{section.4.4}{\376\377\0004\000.\0004\000\040\000P\000e\000r\000b\000a\000n\000d\000i\000n\000g\000a\000n\000\040\000H\000a\000s\000i\000l\000\040\000S\000i\000m\000u\000l\000a\000s\000i\000\040\000d\000e\000n\000g\000a\000n\000\040\000B\000e\000b\000e\000r\000a\000p\000a\000\040\000R\000e\000f\000e\000r\000e\000n\000s\000i}{chapter.4}% 48
\BOOKMARK [2][]{subsection.4.4.1}{\376\377\0004\000.\0004\000.\0001\000\040\000R\000e\000f\000e\000r\000e\000n\000s\000i\000\040\000H\000a\000s\000i\000l\000\040\000S\000i\000m\000u\000l\000a\000s\000i\000\040\000d\000e\000n\000g\000a\000n\000\040\000K\000i\000m\0002\0000\0001\0004\000\040}{section.4.4}% 49
\BOOKMARK [2][]{subsection.4.4.2}{\376\377\0004\000.\0004\000.\0002\000\040\000R\000e\000f\000e\000r\000e\000n\000s\000i\000\040\000H\000a\000s\000i\000l\000\040\000S\000i\000m\000u\000l\000a\000s\000i\000\040\000d\000e\000n\000g\000a\000n\000\040\000N\000a\000s\000i\000r\0002\0000\0001\0006}{section.4.4}% 50
\BOOKMARK [2][]{subsection.4.4.3}{\376\377\0004\000.\0004\000.\0003\000\040\000R\000e\000f\000e\000r\000e\000n\000s\000i\000\040\000H\000a\000s\000i\000l\000\040\000S\000i\000m\000u\000l\000a\000s\000i\000\040\000d\000e\000n\000g\000a\000n\000\040\000B\000a\000j\000e\000c\0002\0000\0000\0007}{section.4.4}% 51
\BOOKMARK [2][]{subsection.4.4.4}{\376\377\0004\000.\0004\000.\0004\000\040\000R\000e\000f\000e\000r\000e\000n\000s\000i\000\040\000H\000a\000s\000i\000l\000\040\000S\000i\000m\000u\000l\000a\000s\000i\000\040\000d\000e\000n\000g\000a\000n\000\040\000N\000a\000s\000i\000r\0002\0000\0001\0006}{section.4.4}% 52
\BOOKMARK [0][]{chapter.5}{\376\377\0005\000\040\000P\000E\000N\000U\000T\000U\000P}{}% 53
\BOOKMARK [1][]{section.5.1}{\376\377\0005\000.\0001\000\040\000K\000e\000s\000i\000m\000p\000u\000l\000a\000n}{chapter.5}% 54
\BOOKMARK [1][]{section.5.2}{\376\377\0005\000.\0002\000\040\000S\000a\000r\000a\000n}{chapter.5}% 55
\BOOKMARK [0][]{section*.1}{\376\377\000D\000A\000F\000T\000A\000R\000\040\000P\000U\000S\000T\000A\000K\000A}{}% 56
\BOOKMARK [0][]{section*.1}{\376\377\000I\000N\000D\000E\000X}{}% 57
\BOOKMARK [0][]{section*.1}{\376\377\000L\000A\000M\000P\000I\000R\000A\000N}{}% 58
\BOOKMARK [0][]{chapter.1}{\376\377\000A\000\040\000s\000u\000m\000b\000e\000r\000\040\000k\000o\000d\000e}{}% 59
\BOOKMARK [1][]{section.1.1}{\376\377\000A\000.\0001\000\040\000K\000o\000d\000e\000\040\000P\000r\000o\000g\000r\000a\000m\000\040\000g\000a\000m\000b\000a\000r\000B\000o\000i\000d\000s\000.\000j\000s}{chapter.1}% 60
\BOOKMARK [1][]{section.1.2}{\376\377\000A\000.\0002\000\040\000K\000o\000d\000e\000\040\000P\000r\000o\000g\000r\000a\000m\000\040\000s\000i\000d\000e\000s\0002\000.\000j\000s}{chapter.1}% 61
\BOOKMARK [1][]{section.1.3}{\376\377\000A\000.\0003\000\040\000v\000e\000c\000t\0003\000.\000j\000s}{chapter.1}% 62
\BOOKMARK [1][]{section.1.4}{\376\377\000A\000.\0004\000\040\000K\000o\000d\000e\000\040\000P\000r\000o\000g\000r\000a\000m\000\040\000i\000n\000d\000e\000x\000.\000h\000t\000m\000l}{chapter.1}% 63
\BOOKMARK [1][]{section.1.5}{\376\377\000A\000.\0005\000\040\000K\000o\000d\000e\000\040\000P\000r\000o\000g\000r\000a\000m\000\040\000b\000o\000i\000d\000s\000.\000j\000s}{chapter.1}% 64
\BOOKMARK [1][]{section.1.6}{\376\377\000A\000.\0006\000\040\000K\000o\000d\000e\000\040\000P\000r\000o\000g\000r\000a\000m\000\040\000s\000c\000r\000i\000p\000t\000.\000j\000s}{chapter.1}% 65
\BOOKMARK [0][]{chapter.2}{\376\377\000B\000\040\000R\000i\000w\000a\000y\000a\000t\000\040\000H\000i\000d\000u\000p}{}% 66
