This is pdfTeX, Version 3.141592653-2.6-1.40.24 (MiKTeX 22.3) (preloaded format=pdflatex 2022.7.5)  17 JUL 2022 10:41
entering extended mode
 restricted \write18 enabled.
 %&-line parsing enabled.
**"C:/Users/ikhsa/OneDrive/Desktop/File Script/StudyTawafScript/study tawaf scr
ipt/Ikhsan Mochammad Noor.tex"

(C:/Users/ikhsa/OneDrive/Desktop/File Script/StudyTawafScript/study tawaf scrip
t/Ikhsan Mochammad Noor.tex
LaTeX2e <2022-06-01> patch level 3
L3 programming layer <2022-06-16>
(C:\Program Files\MiKTeX 2.9\tex/latex/base\report.cls
Document Class: report 2021/10/04 v1.4n Standard LaTeX document class
(C:\Program Files\MiKTeX 2.9\tex/latex/base\size12.clo
File: size12.clo 2021/10/04 v1.4n Standard LaTeX file (size option)
)
\c@part=\count185
\c@chapter=\count186
\c@section=\count187
\c@subsection=\count188
\c@subsubsection=\count189
\c@paragraph=\count190
\c@subparagraph=\count191
\c@figure=\count192
\c@table=\count193
\abovecaptionskip=\skip47
\belowcaptionskip=\skip48
\bibindent=\dimen138
)
(C:\Program Files\MiKTeX 2.9\tex/latex/geometry\geometry.sty
Package: geometry 2020/01/02 v5.9 Page Geometry

(C:\Program Files\MiKTeX 2.9\tex/latex/graphics\keyval.sty
Package: keyval 2022/05/29 v1.15 key=value parser (DPC)
\KV@toks@=\toks16
)
(C:\Program Files\MiKTeX 2.9\tex/generic/iftex\ifvtex.sty
Package: ifvtex 2019/10/25 v1.7 ifvtex legacy package. Use iftex instead.

(C:\Program Files\MiKTeX 2.9\tex/generic/iftex\iftex.sty
Package: iftex 2022/02/03 v1.0f TeX engine tests
))
\Gm@cnth=\count194
\Gm@cntv=\count195
\c@Gm@tempcnt=\count196
\Gm@bindingoffset=\dimen139
\Gm@wd@mp=\dimen140
\Gm@odd@mp=\dimen141
\Gm@even@mp=\dimen142
\Gm@layoutwidth=\dimen143
\Gm@layoutheight=\dimen144
\Gm@layouthoffset=\dimen145
\Gm@layoutvoffset=\dimen146
\Gm@dimlist=\toks17

(C:\Program Files\MiKTeX 2.9\tex/latex/geometry\geometry.cfg))
(C:\Program Files\MiKTeX 2.9\tex/generic/babel\babel.sty
Package: babel 2022/06/06 3.76 The Babel package
\babel@savecnt=\count197
\U@D=\dimen147
\l@unhyphenated=\language83

(C:\Program Files\MiKTeX 2.9\tex/generic/babel\txtbabel.def)
\bbl@readstream=\read2
\bbl@dirlevel=\count198

*************************************
* Local config file bblopts.cfg used
*
(C:\Program Files\MiKTeX 2.9\tex/latex/arabi\bblopts.cfg
File: bblopts.cfg 2005/09/08 v0.1 add Arabic and Farsi to "declared" options of
 babel
)
(C:\Program Files\MiKTeX 2.9\tex/latex/babel-indonesian\bahasa.ldf
Language: bahasa 2017/02/15 v1.0m Bahasa Indonesia support from the babel syste
m

(C:\Program Files\MiKTeX 2.9\tex/latex/babel-indonesian\indonesian.ldf
Language: indonesian 2017/02/15 v1.0m Bahasa Indonesia support from the babel s
ystem
)))
(C:\Program Files\MiKTeX 2.9\tex/latex/caption\caption2.sty
Package: caption2 2021/01/20 v2.2i Customising captions (AR)

(C:\Program Files\MiKTeX 2.9\tex/latex/caption\caption3.sty
Package: caption3 2022/03/17 v2.3b caption3 kernel (AR)
\caption@tempdima=\dimen148
\captionmargin=\dimen149
\caption@leftmargin=\dimen150
\caption@rightmargin=\dimen151
\caption@width=\dimen152
\caption@indent=\dimen153
\caption@parindent=\dimen154
\caption@hangindent=\dimen155
Package caption Info: Standard document class detected.
)
Package caption2 Info: Running in caption2 v2.0 compatibility mode on input lin
e 231.
\captionlinewidth=\dimen156
\realcaptionwidth=\dimen157
Package caption2 Info: float package is not loaded on input line 335.
Package caption2 Info: longtable package is not loaded on input line 352.
Package caption2 Info: subfigure package is not loaded on input line 445.
)
(C:\Program Files\MiKTeX 2.9\tex/latex/apacite\apacite.sty
Package: apacite 2013/07/21 v6.03 APA citation
\c@BibCnt=\count199
\bibleftmargin=\skip49
\bibindent=\skip50
\bibparsep=\skip51
\bibitemsep=\skip52
\biblabelsep=\skip53
)
(C:\Program Files\MiKTeX 2.9\tex/latex/natbib\natbib.sty
Package: natbib 2010/09/13 8.31b (PWD, AO)
\bibhang=\skip54
\bibsep=\skip55
LaTeX Info: Redefining \cite on input line 694.
LaTeX Info: Redefining \citeauthor on input line 712.
LaTeX Info: Redefining \citeyear on input line 735.
\c@NAT@ctr=\count266
)
(C:\Program Files\MiKTeX 2.9\tex/latex/fancyhdr\fancyhdr.sty
Package: fancyhdr 2022/05/18 v4.0.3 Extensive control of page headers and foote
rs
\f@nch@headwidth=\skip56
\f@nch@O@elh=\skip57
\f@nch@O@erh=\skip58
\f@nch@O@olh=\skip59
\f@nch@O@orh=\skip60
\f@nch@O@elf=\skip61
\f@nch@O@erf=\skip62
\f@nch@O@olf=\skip63
\f@nch@O@orf=\skip64
)
(C:\Program Files\MiKTeX 2.9\tex/latex/setspace\setspace.sty
Package: setspace 2011/12/19 v6.7a set line spacing
)
(C:\Program Files\MiKTeX 2.9\tex/latex/tools\verbatim.sty
Package: verbatim 2020-07-07 v1.5u LaTeX2e package for verbatim enhancements
\every@verbatim=\toks18
\verbatim@line=\toks19
\verbatim@in@stream=\read3
)
(C:\Program Files\MiKTeX 2.9\tex/latex/graphics\graphicx.sty
Package: graphicx 2021/09/16 v1.2d Enhanced LaTeX Graphics (DPC,SPQR)

(C:\Program Files\MiKTeX 2.9\tex/latex/graphics\graphics.sty
Package: graphics 2022/03/10 v1.4e Standard LaTeX Graphics (DPC,SPQR)

(C:\Program Files\MiKTeX 2.9\tex/latex/graphics\trig.sty
Package: trig 2021/08/11 v1.11 sin cos tan (DPC)
)
(C:\Program Files\MiKTeX 2.9\tex/latex/graphics-cfg\graphics.cfg
File: graphics.cfg 2016/06/04 v1.11 sample graphics configuration
)
Package graphics Info: Driver file: pdftex.def on input line 107.

(C:\Program Files\MiKTeX 2.9\tex/latex/graphics-def\pdftex.def
File: pdftex.def 2020/10/05 v1.2a Graphics/color driver for pdftex
))
\Gin@req@height=\dimen158
\Gin@req@width=\dimen159
)
(C:\Program Files\MiKTeX 2.9\tex/latex/subfigure\subfigure.sty
Package: subfigure 2002/07/30 v2.1.4 subfigure package
\subfigtopskip=\skip65
\subfigcapskip=\skip66
\subfigcaptopadj=\dimen160
\subfigbottomskip=\skip67
\subfigcapmargin=\dimen161
\subfiglabelskip=\skip68
\c@subfigure=\count267
\c@lofdepth=\count268
\c@subtable=\count269
\c@lotdepth=\count270

****************************************
* Local config file subfigure.cfg used *
****************************************
(C:\Program Files\MiKTeX 2.9\tex/latex/subfigure\subfigure.cfg)
\subfig@top=\skip69
\subfig@bottom=\skip70
)
(C:\Program Files\MiKTeX 2.9\tex/latex/graphics\rotating.sty
Package: rotating 2016/08/11 v2.16d rotated objects in LaTeX

(C:\Program Files\MiKTeX 2.9\tex/latex/base\ifthen.sty
Package: ifthen 2022/04/13 v1.1d Standard LaTeX ifthen package (DPC)
)
\c@r@tfl@t=\count271
\rotFPtop=\skip71
\rotFPbot=\skip72
\rot@float@box=\box51
\rot@mess@toks=\toks20
)
(C:\Program Files\MiKTeX 2.9\tex/latex/hyperref\hyperref.sty
Package: hyperref 2022-06-20 v7.00s Hypertext links for LaTeX

(C:\Program Files\MiKTeX 2.9\tex/generic/ltxcmds\ltxcmds.sty
Package: ltxcmds 2020-05-10 v1.25 LaTeX kernel commands for general use (HO)
)
(C:\Program Files\MiKTeX 2.9\tex/generic/pdftexcmds\pdftexcmds.sty
Package: pdftexcmds 2020-06-27 v0.33 Utility functions of pdfTeX for LuaTeX (HO
)

(C:\Program Files\MiKTeX 2.9\tex/generic/infwarerr\infwarerr.sty
Package: infwarerr 2019/12/03 v1.5 Providing info/warning/error messages (HO)
)
Package pdftexcmds Info: \pdf@primitive is available.
Package pdftexcmds Info: \pdf@ifprimitive is available.
Package pdftexcmds Info: \pdfdraftmode found.
)
(C:\Program Files\MiKTeX 2.9\tex/generic/kvsetkeys\kvsetkeys.sty
Package: kvsetkeys 2019/12/15 v1.18 Key value parser (HO)
)
(C:\Program Files\MiKTeX 2.9\tex/generic/kvdefinekeys\kvdefinekeys.sty
Package: kvdefinekeys 2019-12-19 v1.6 Define keys (HO)
)
(C:\Program Files\MiKTeX 2.9\tex/generic/pdfescape\pdfescape.sty
Package: pdfescape 2019/12/09 v1.15 Implements pdfTeX's escape features (HO)
)
(C:\Program Files\MiKTeX 2.9\tex/latex/hycolor\hycolor.sty
Package: hycolor 2020-01-27 v1.10 Color options for hyperref/bookmark (HO)
)
(C:\Program Files\MiKTeX 2.9\tex/latex/letltxmacro\letltxmacro.sty
Package: letltxmacro 2019/12/03 v1.6 Let assignment for LaTeX macros (HO)
)
(C:\Program Files\MiKTeX 2.9\tex/latex/auxhook\auxhook.sty
Package: auxhook 2019-12-17 v1.6 Hooks for auxiliary files (HO)
)
(C:\Program Files\MiKTeX 2.9\tex/latex/hyperref\nameref.sty
Package: nameref 2022-05-17 v2.50 Cross-referencing by name of section

(C:\Program Files\MiKTeX 2.9\tex/latex/refcount\refcount.sty
Package: refcount 2019/12/15 v3.6 Data extraction from label references (HO)
)
(C:\Program Files\MiKTeX 2.9\tex/generic/gettitlestring\gettitlestring.sty
Package: gettitlestring 2019/12/15 v1.6 Cleanup title references (HO)

(C:\Program Files\MiKTeX 2.9\tex/latex/kvoptions\kvoptions.sty
Package: kvoptions 2022-06-15 v3.15 Key value format for package options (HO)
))
\c@section@level=\count272
)
\@linkdim=\dimen162
\Hy@linkcounter=\count273
\Hy@pagecounter=\count274

(C:\Program Files\MiKTeX 2.9\tex/latex/hyperref\pd1enc.def
File: pd1enc.def 2022-06-20 v7.00s Hyperref: PDFDocEncoding definition (HO)
Now handling font encoding PD1 ...
... no UTF-8 mapping file for font encoding PD1
)
(C:\Program Files\MiKTeX 2.9\tex/generic/intcalc\intcalc.sty
Package: intcalc 2019/12/15 v1.3 Expandable calculations with integers (HO)
)
(C:\Program Files\MiKTeX 2.9\tex/generic/etexcmds\etexcmds.sty
Package: etexcmds 2019/12/15 v1.7 Avoid name clashes with e-TeX commands (HO)
)
\Hy@SavedSpaceFactor=\count275

(C:\Program Files\MiKTeX 2.9\tex/latex/hyperref\puenc.def
File: puenc.def 2022-06-20 v7.00s Hyperref: PDF Unicode definition (HO)
Now handling font encoding PU ...
... no UTF-8 mapping file for font encoding PU
)
Package hyperref Info: Hyper figures OFF on input line 4162.
Package hyperref Info: Link nesting OFF on input line 4167.
Package hyperref Info: Hyper index ON on input line 4170.
Package hyperref Info: Plain pages OFF on input line 4177.
Package hyperref Info: Backreferencing OFF on input line 4182.
Package hyperref Info: Implicit mode ON; LaTeX internals redefined.
Package hyperref Info: Bookmarks ON on input line 4408.
\c@Hy@tempcnt=\count276

(C:\Program Files\MiKTeX 2.9\tex/latex/url\url.sty
\Urlmuskip=\muskip16
Package: url 2013/09/16  ver 3.4  Verb mode for urls, etc.
)
LaTeX Info: Redefining \url on input line 4746.
\XeTeXLinkMargin=\dimen163

(C:\Program Files\MiKTeX 2.9\tex/generic/bitset\bitset.sty
Package: bitset 2019/12/09 v1.3 Handle bit-vector datatype (HO)

(C:\Program Files\MiKTeX 2.9\tex/generic/bigintcalc\bigintcalc.sty
Package: bigintcalc 2019/12/15 v1.5 Expandable calculations on big integers (HO
)
))
\Fld@menulength=\count277
\Field@Width=\dimen164
\Fld@charsize=\dimen165
Package hyperref Info: Hyper figures OFF on input line 6024.
Package hyperref Info: Link nesting OFF on input line 6029.
Package hyperref Info: Hyper index ON on input line 6032.
Package hyperref Info: backreferencing OFF on input line 6039.
Package hyperref Info: Link coloring OFF on input line 6044.
Package hyperref Info: Link coloring with OCG OFF on input line 6049.
Package hyperref Info: PDF/A mode OFF on input line 6054.

(C:\Program Files\MiKTeX 2.9\tex/latex/base\atbegshi-ltx.sty
Package: atbegshi-ltx 2021/01/10 v1.0c Emulation of the original atbegshi
package with kernel methods
)
\Hy@abspage=\count278
\c@Item=\count279
\c@Hfootnote=\count280
)
Package hyperref Info: Driver (autodetected): hpdftex.

(C:\Program Files\MiKTeX 2.9\tex/latex/hyperref\hpdftex.def
File: hpdftex.def 2022-06-20 v7.00s Hyperref driver for pdfTeX

(C:\Program Files\MiKTeX 2.9\tex/latex/base\atveryend-ltx.sty
Package: atveryend-ltx 2020/08/19 v1.0a Emulation of the original atveryend pac
kage
with kernel methods
)
\Fld@listcount=\count281
\c@bookmark@seq@number=\count282

(C:\Program Files\MiKTeX 2.9\tex/latex/rerunfilecheck\rerunfilecheck.sty
Package: rerunfilecheck 2019/12/05 v1.9 Rerun checks for auxiliary files (HO)

(C:\Program Files\MiKTeX 2.9\tex/generic/uniquecounter\uniquecounter.sty
Package: uniquecounter 2019/12/15 v1.4 Provide unlimited unique counter (HO)
)
Package uniquecounter Info: New unique counter `rerunfilecheck' on input line 2
86.
)
\Hy@SectionHShift=\skip73
)
(C:\Program Files\MiKTeX 2.9\tex/latex/titlesec\titlesec.sty
Package: titlesec 2021/07/05 v2.14 Sectioning titles
\ttl@box=\box52
\beforetitleunit=\skip74
\aftertitleunit=\skip75
\ttl@plus=\dimen166
\ttl@minus=\dimen167
\ttl@toksa=\toks21
\titlewidth=\dimen168
\titlewidthlast=\dimen169
\titlewidthfirst=\dimen170
)
(C:\Program Files\MiKTeX 2.9\tex/latex/wrapfig\wrapfig.sty
\wrapoverhang=\dimen171
\WF@size=\dimen172
\c@WF@wrappedlines=\count283
\WF@box=\box53
\WF@everypar=\toks22
Package: wrapfig 2003/01/31  v 3.6
)
(C:\Program Files\MiKTeX 2.9\tex/latex/float\float.sty
Package: float 2001/11/08 v1.3d Float enhancements (AL)
\c@float@type=\count284
\float@exts=\toks23
\float@box=\box54
\@float@everytoks=\toks24
\@floatcapt=\box55
)
(C:\Program Files\MiKTeX 2.9\tex/latex/eso-pic\eso-pic.sty
Package: eso-pic 2020/10/14 v3.0a eso-pic (RN)
\ESO@tempdima=\dimen173
\ESO@tempdimb=\dimen174

(C:\Program Files\MiKTeX 2.9\tex/latex/xcolor\xcolor.sty
Package: xcolor 2022/06/12 v2.14 LaTeX color extensions (UK)

(C:\Program Files\MiKTeX 2.9\tex/latex/graphics-cfg\color.cfg
File: color.cfg 2016/01/02 v1.6 sample color configuration
)
Package xcolor Info: Driver file: pdftex.def on input line 227.

(C:\Program Files\MiKTeX 2.9\tex/latex-dev/graphics\mathcolor.ltx)
Package xcolor Info: Model `cmy' substituted by `cmy0' on input line 1353.
Package xcolor Info: Model `hsb' substituted by `rgb' on input line 1357.
Package xcolor Info: Model `RGB' extended on input line 1369.
Package xcolor Info: Model `HTML' substituted by `rgb' on input line 1371.
Package xcolor Info: Model `Hsb' substituted by `hsb' on input line 1372.
Package xcolor Info: Model `tHsb' substituted by `hsb' on input line 1373.
Package xcolor Info: Model `HSB' substituted by `hsb' on input line 1374.
Package xcolor Info: Model `Gray' substituted by `gray' on input line 1375.
Package xcolor Info: Model `wave' substituted by `hsb' on input line 1376.
))
(C:\Program Files\MiKTeX 2.9\tex/latex/base\makeidx.sty
Package: makeidx 2021/10/04 v1.0m Standard LaTeX package
)
(C:\Program Files\MiKTeX 2.9\tex/latex/pst-node\pst-node.sty
Package: pst-node 2012/09/18 v1.01 LaTeX wrapper for `pst-node' (HV)

(C:\Program Files\MiKTeX 2.9\tex/latex/pstricks\pstricks.sty
Package: pstricks 2021/08/23 v0.71 LaTeX wrapper for `PSTricks' (RN,HV)

(C:\Program Files\MiKTeX 2.9\tex/generic/xkeyval\pst-xkey.tex
File: pst-xkey.tex 2005/11/25 v1.6 PSTricks specialization of xkeyval (HA)

(C:\Program Files\MiKTeX 2.9\tex/latex/xkeyval\xkeyval.sty
Package: xkeyval 2022/06/16 v2.9 package option processing (HA)

(C:\Program Files\MiKTeX 2.9\tex/generic/xkeyval\xkeyval.tex
(C:\Program Files\MiKTeX 2.9\tex/generic/xkeyval\xkvutils.tex
\XKV@toks=\toks25
\XKV@tempa@toks=\toks26
)
\XKV@depth=\count285
File: xkeyval.tex 2014/12/03 v2.7a key=value parser (HA)
)))
(C:\Program Files\MiKTeX 2.9\tex/generic/pstricks\pstricks.tex
(C:\Program Files\MiKTeX 2.9\tex/generic/pstricks\pst-fp.tex
`pst-fp' v0.06, 2020/11/20 (hv)
\pstFP@xs=\count286
\pstFP@xia=\count287
\pstFP@xib=\count288
\pstFP@xfa=\count289
\pstFP@xfb=\count290
\pstFP@rega=\count291
\pstFP@regb=\count292
\pstFP@regs=\count293
\pstFP@times=\count294
)
(C:\Program Files\MiKTeX 2.9\tex/generic/pgf/utilities\pgfutil-common.tex
\pgfutil@everybye=\toks27
\pgfutil@tempdima=\dimen175
\pgfutil@tempdimb=\dimen176

(C:\Program Files\MiKTeX 2.9\tex/generic/pgf/utilities\pgfutil-common-lists.tex
)) (C:\Program Files\MiKTeX 2.9\tex/generic/pgf/utilities\pgfkeys.code.tex
\pgfkeys@pathtoks=\toks28
\pgfkeys@temptoks=\toks29

(C:\Program Files\MiKTeX 2.9\tex/generic/pgf/utilities\pgfkeysfiltered.code.tex
\pgfkeys@tmptoks=\toks30
)) (C:\Program Files\MiKTeX 2.9\tex/generic/pgf/utilities\pgffor.code.tex
Loading pgffor.code.tex
(C:\Program Files\MiKTeX 2.9\tex/generic/pgf/math\pgfmath.code.tex
(C:\Program Files\MiKTeX 2.9\tex/generic/pgf/math\pgfmathcalc.code.tex
(C:\Program Files\MiKTeX 2.9\tex/generic/pgf/math\pgfmathutil.code.tex
\pgf@x=\dimen177
\pgf@xa=\dimen178
\pgf@xb=\dimen179
\pgf@xc=\dimen180
\pgf@y=\dimen181
\pgf@ya=\dimen182
\pgf@yb=\dimen183
\pgf@yc=\dimen184
\c@pgf@counta=\count295
\c@pgf@countb=\count296
\c@pgf@countc=\count297
\c@pgf@countd=\count298
\pgfutil@tempcnta=\count299
\pgfutil@tempcntb=\count300
)
(C:\Program Files\MiKTeX 2.9\tex/generic/pgf/math\pgfmathparser.code.tex
\pgfmath@dimen=\dimen185
\pgfmath@count=\count301
\pgfmath@box=\box56
\pgfmath@toks=\toks31
\pgfmath@stack@operand=\toks32
\pgfmath@stack@operation=\toks33
)
(C:\Program Files\MiKTeX 2.9\tex/generic/pgf/math\pgfmathfunctions.code.tex
(C:\Program Files\MiKTeX 2.9\tex/generic/pgf/math\pgfmathfunctions.basic.code.t
ex)
(C:\Program Files\MiKTeX 2.9\tex/generic/pgf/math\pgfmathfunctions.trigonometri
c.code.tex)
(C:\Program Files\MiKTeX 2.9\tex/generic/pgf/math\pgfmathfunctions.random.code.
tex)
(C:\Program Files\MiKTeX 2.9\tex/generic/pgf/math\pgfmathfunctions.comparison.c
ode.tex)
(C:\Program Files\MiKTeX 2.9\tex/generic/pgf/math\pgfmathfunctions.base.code.te
x)
(C:\Program Files\MiKTeX 2.9\tex/generic/pgf/math\pgfmathfunctions.round.code.t
ex)
(C:\Program Files\MiKTeX 2.9\tex/generic/pgf/math\pgfmathfunctions.misc.code.te
x)
(C:\Program Files\MiKTeX 2.9\tex/generic/pgf/math\pgfmathfunctions.integerarith
metics.code.tex)))
(C:\Program Files\MiKTeX 2.9\tex/generic/pgf/math\pgfmathfloat.code.tex
\c@pgfmathroundto@lastzeros=\count302
))
\pgffor@iter=\dimen186
\pgffor@skip=\dimen187
\pgffor@stack=\toks34
\pgffor@toks=\toks35
)
\psLoopIndex=\count303

`PSTricks' v3.13  <2022/01/09> (tvz,hv)
\pst@dima=\dimen188
\pst@dimb=\dimen189
\pst@dimc=\dimen190
\pst@dimd=\dimen191
\pst@dimg=\dimen192
\pst@dimh=\dimen193
\pst@dimm=\dimen194
\pst@dimn=\dimen195
\pst@dimo=\dimen196
\pst@dimp=\dimen197
\pst@hbox=\box57
\pst@ibox=\box58
\pst@boxg=\box59
\pst@cnta=\count304
\pst@cntb=\count305
\pst@cntc=\count306
\pst@cntd=\count307
\pst@cntg=\count308
\pst@cnth=\count309
\pst@cntm=\count310
\pst@cntn=\count311
\pst@cnto=\count312
\pst@cntp=\count313
\@zero=\count314
\pst@toks=\toks36
--- We are running latex or xelatex ---
(C:\Program Files\MiKTeX 2.9\tex/generic/pstricks\pstricks.con)
(C:\Program Files\MiKTeX 2.9\tex/generic/pstricks\pstricks-color.tex)
\psunit=\dimen198
\psxunit=\dimen199
\psyunit=\dimen256
\pst@C@@rType=\count315
\pslinewidth=\dimen257
\psk@startLW=\dimen258
\psk@endLW=\dimen259

(C:\Program Files\MiKTeX 2.9\tex/generic/pstricks\pstricks-arrows.tex
\pshooklength=\dimen260
\pshookwidth=\dimen261
)
\pst@customdefs=\toks37

(C:\Program Files\MiKTeX 2.9\tex/generic/pstricks\pstricks-dots.tex)
\pslinearc=\dimen262
\pst@symbolStep=\dimen263
\pst@symbolWidth=\dimen264
\pst@symbolLinewidth=\dimen265
\everypsbox=\toks38
\psframesep=\dimen266
\pslabelsep=\dimen267
\sh@wgridXunit=\dimen268
\sh@wgridYunit=\dimen269
\pst@shift=\dimen270
\ps@imagectr=\count316

(C:\Program Files\MiKTeX 2.9\tex/generic/pstricks\pstricks.con))
File: pstricks.tex 2022/01/09 v3.13 `PSTricks' (tvz,hv)

(C:\Program Files\MiKTeX 2.9\tex/generic/pstricks\pst-fp.tex
`pst-fp' v0.06, 2020/11/20 (hv))
File: pst-fp.tex 2020/11/20 v0.06 `PST-fp' (hv)
)
Package: pst-node 2010/04/22 package wrapper for pst-node.tex

(C:\Program Files\MiKTeX 2.9\tex/generic/pst-node\pst-node.tex
 v1.43, 2022/01/31
\psrow=\count317
\pscol=\count318
\psmatrixcnt=\count319
\psrowsep=\skip76
\pscolsep=\skip77
\pst@args=\count320
\num@pts=\count321
\pst@argcnt=\count322
)
File: pst-node.tex 2022/01/31 1.43 `pst-node' (tvz,hv)
) (C:\Program Files\MiKTeX 2.9\tex/latex/amsmath\amsmath.sty
Package: amsmath 2022/04/08 v2.17n AMS math features
\@mathmargin=\skip78
For additional information on amsmath, use the `?' option.
(C:\Program Files\MiKTeX 2.9\tex/latex/amsmath\amstext.sty
Package: amstext 2021/08/26 v2.01 AMS text

(C:\Program Files\MiKTeX 2.9\tex/latex/amsmath\amsgen.sty
File: amsgen.sty 1999/11/30 v2.0 generic functions
\@emptytoks=\toks39
\ex@=\dimen271
))
(C:\Program Files\MiKTeX 2.9\tex/latex/amsmath\amsbsy.sty
Package: amsbsy 1999/11/29 v1.2d Bold Symbols
\pmbraise@=\dimen272
)
(C:\Program Files\MiKTeX 2.9\tex/latex/amsmath\amsopn.sty
Package: amsopn 2022/04/08 v2.04 operator names
)
\inf@bad=\count323
LaTeX Info: Redefining \frac on input line 234.
\uproot@=\count324
\leftroot@=\count325
LaTeX Info: Redefining \overline on input line 399.
LaTeX Info: Redefining \colon on input line 410.
\classnum@=\count326
\DOTSCASE@=\count327
LaTeX Info: Redefining \ldots on input line 496.
LaTeX Info: Redefining \dots on input line 499.
LaTeX Info: Redefining \cdots on input line 620.
\Mathstrutbox@=\box60
\strutbox@=\box61
LaTeX Info: Redefining \big on input line 722.
LaTeX Info: Redefining \Big on input line 723.
LaTeX Info: Redefining \bigg on input line 724.
LaTeX Info: Redefining \Bigg on input line 725.
\big@size=\dimen273
LaTeX Font Info:    Redeclaring font encoding OML on input line 743.
LaTeX Font Info:    Redeclaring font encoding OMS on input line 744.
\macc@depth=\count328
LaTeX Info: Redefining \bmod on input line 905.
LaTeX Info: Redefining \pmod on input line 910.
LaTeX Info: Redefining \smash on input line 940.
LaTeX Info: Redefining \relbar on input line 970.
LaTeX Info: Redefining \Relbar on input line 971.
\c@MaxMatrixCols=\count329
\dotsspace@=\muskip17
\c@parentequation=\count330
\dspbrk@lvl=\count331
\tag@help=\toks40
\row@=\count332
\column@=\count333
\maxfields@=\count334
\andhelp@=\toks41
\eqnshift@=\dimen274
\alignsep@=\dimen275
\tagshift@=\dimen276
\tagwidth@=\dimen277
\totwidth@=\dimen278
\lineht@=\dimen279
\@envbody=\toks42
\multlinegap=\skip79
\multlinetaggap=\skip80
\mathdisplay@stack=\toks43
LaTeX Info: Redefining \[ on input line 2953.
LaTeX Info: Redefining \] on input line 2954.
)
(C:\Program Files\MiKTeX 2.9\tex/latex/multirow\multirow.sty
Package: multirow 2021/03/15 v2.8 Span multiple rows of a table
\multirow@colwidth=\skip81
\multirow@cntb=\count335
\multirow@dima=\skip82
\bigstrutjot=\dimen280
)
(C:\Program Files\MiKTeX 2.9\tex/latex/base\fontenc.sty
Package: fontenc 2021/04/29 v2.0v Standard LaTeX package
)
(C:\Program Files\MiKTeX 2.9\tex/latex/base\alltt.sty
Package: alltt 2021/01/29 v2.0g defines alltt environment
)
(C:\Program Files\MiKTeX 2.9\tex/latex/psnfss\times.sty
Package: times 2020/03/25 PSNFSS-v9.3 (SPQR) 
)
(C:\Program Files\MiKTeX 2.9\tex/latex/ulem\ulem.sty
\UL@box=\box62
\UL@hyphenbox=\box63
\UL@skip=\skip83
\UL@hook=\toks44
\UL@height=\dimen281
\UL@pe=\count336
\UL@pixel=\dimen282
\ULC@box=\box64
Package: ulem 2019/11/18
\ULdepth=\dimen283
)
(C:\Program Files\MiKTeX 2.9\tex/latex/base\inputenc.sty
Package: inputenc 2021/02/14 v1.3d Input encoding file
\inpenc@prehook=\toks45
\inpenc@posthook=\toks46

(C:\Program Files\MiKTeX 2.9\tex/latex/base\ansinew.def
File: ansinew.def 2021/02/14 v1.3d Input encoding file
))
(C:\Program Files\MiKTeX 2.9\tex/latex/graphics\lscape.sty
Package: lscape 2020/05/28 v3.02 Landscape Pages (DPC)
)
(C:\Program Files\MiKTeX 2.9\tex/latex/newunicodechar\newunicodechar.sty
Package: newunicodechar 2018/04/08 v1.2 Defining Unicode characters


Package newunicodechar Warning: This package only works if the document
(newunicodechar)                encoding is `utf8'.

) (C:\Program Files\MiKTeX 2.9\tex/latex/pgf/frontendlayer\tikz.sty
(C:\Program Files\MiKTeX 2.9\tex/latex/pgf/basiclayer\pgf.sty
(C:\Program Files\MiKTeX 2.9\tex/latex/pgf/utilities\pgfrcs.sty
(C:\Program Files\MiKTeX 2.9\tex/generic/pgf/utilities\pgfutil-common.tex
\pgfutil@everybye=\toks47
\pgfutil@tempdima=\dimen284
\pgfutil@tempdimb=\dimen285

(C:\Program Files\MiKTeX 2.9\tex/generic/pgf/utilities\pgfutil-common-lists.tex
)) (C:\Program Files\MiKTeX 2.9\tex/generic/pgf/utilities\pgfutil-latex.def
\pgfutil@abb=\box65
)
(C:\Program Files\MiKTeX 2.9\tex/generic/pgf/utilities\pgfrcs.code.tex
(C:\Program Files\MiKTeX 2.9\tex/generic/pgf\pgf.revision.tex)
Package: pgfrcs 2021/05/15 v3.1.9a (3.1.9a)
))
Package: pgf 2021/05/15 v3.1.9a (3.1.9a)

(C:\Program Files\MiKTeX 2.9\tex/latex/pgf/basiclayer\pgfcore.sty
(C:\Program Files\MiKTeX 2.9\tex/latex/pgf/systemlayer\pgfsys.sty
(C:\Program Files\MiKTeX 2.9\tex/generic/pgf/systemlayer\pgfsys.code.tex
Package: pgfsys 2021/05/15 v3.1.9a (3.1.9a)

(C:\Program Files\MiKTeX 2.9\tex/generic/pgf/utilities\pgfkeys.code.tex)
\pgf@x=\dimen286
\pgf@y=\dimen287
\pgf@xa=\dimen288
\pgf@ya=\dimen289
\pgf@xb=\dimen290
\pgf@yb=\dimen291
\pgf@xc=\dimen292
\pgf@yc=\dimen293
\pgf@xd=\dimen294
\pgf@yd=\dimen295
\w@pgf@writea=\write3
\r@pgf@reada=\read4
\c@pgf@counta=\count337
\c@pgf@countb=\count338
\c@pgf@countc=\count339
\c@pgf@countd=\count340
\t@pgf@toka=\toks48
\t@pgf@tokb=\toks49
\t@pgf@tokc=\toks50
\pgf@sys@id@count=\count341

(C:\Program Files\MiKTeX 2.9\tex/generic/pgf/systemlayer\pgf.cfg
File: pgf.cfg 2021/05/15 v3.1.9a (3.1.9a)
)
Driver file for pgf: pgfsys-pdftex.def

(C:\Program Files\MiKTeX 2.9\tex/generic/pgf/systemlayer\pgfsys-pdftex.def
File: pgfsys-pdftex.def 2021/05/15 v3.1.9a (3.1.9a)

(C:\Program Files\MiKTeX 2.9\tex/generic/pgf/systemlayer\pgfsys-common-pdf.def
File: pgfsys-common-pdf.def 2021/05/15 v3.1.9a (3.1.9a)
)))
(C:\Program Files\MiKTeX 2.9\tex/generic/pgf/systemlayer\pgfsyssoftpath.code.te
x
File: pgfsyssoftpath.code.tex 2021/05/15 v3.1.9a (3.1.9a)
\pgfsyssoftpath@smallbuffer@items=\count342
\pgfsyssoftpath@bigbuffer@items=\count343
)
(C:\Program Files\MiKTeX 2.9\tex/generic/pgf/systemlayer\pgfsysprotocol.code.te
x
File: pgfsysprotocol.code.tex 2021/05/15 v3.1.9a (3.1.9a)
)) (C:\Program Files\MiKTeX 2.9\tex/generic/pgf/basiclayer\pgfcore.code.tex
Package: pgfcore 2021/05/15 v3.1.9a (3.1.9a)

(C:\Program Files\MiKTeX 2.9\tex/generic/pgf/math\pgfmath.code.tex)
(C:\Program Files\MiKTeX 2.9\tex/generic/pgf/math\pgfint.code.tex)
(C:\Program Files\MiKTeX 2.9\tex/generic/pgf/basiclayer\pgfcorepoints.code.tex
File: pgfcorepoints.code.tex 2021/05/15 v3.1.9a (3.1.9a)
\pgf@picminx=\dimen296
\pgf@picmaxx=\dimen297
\pgf@picminy=\dimen298
\pgf@picmaxy=\dimen299
\pgf@pathminx=\dimen300
\pgf@pathmaxx=\dimen301
\pgf@pathminy=\dimen302
\pgf@pathmaxy=\dimen303
\pgf@xx=\dimen304
\pgf@xy=\dimen305
\pgf@yx=\dimen306
\pgf@yy=\dimen307
\pgf@zx=\dimen308
\pgf@zy=\dimen309
)
(C:\Program Files\MiKTeX 2.9\tex/generic/pgf/basiclayer\pgfcorepathconstruct.co
de.tex
File: pgfcorepathconstruct.code.tex 2021/05/15 v3.1.9a (3.1.9a)
\pgf@path@lastx=\dimen310
\pgf@path@lasty=\dimen311
)
(C:\Program Files\MiKTeX 2.9\tex/generic/pgf/basiclayer\pgfcorepathusage.code.t
ex
File: pgfcorepathusage.code.tex 2021/05/15 v3.1.9a (3.1.9a)
\pgf@shorten@end@additional=\dimen312
\pgf@shorten@start@additional=\dimen313
)
(C:\Program Files\MiKTeX 2.9\tex/generic/pgf/basiclayer\pgfcorescopes.code.tex
File: pgfcorescopes.code.tex 2021/05/15 v3.1.9a (3.1.9a)
\pgfpic=\box66
\pgf@hbox=\box67
\pgf@layerbox@main=\box68
\pgf@picture@serial@count=\count344
)
(C:\Program Files\MiKTeX 2.9\tex/generic/pgf/basiclayer\pgfcoregraphicstate.cod
e.tex
File: pgfcoregraphicstate.code.tex 2021/05/15 v3.1.9a (3.1.9a)
\pgflinewidth=\dimen314
)
(C:\Program Files\MiKTeX 2.9\tex/generic/pgf/basiclayer\pgfcoretransformations.
code.tex
File: pgfcoretransformations.code.tex 2021/05/15 v3.1.9a (3.1.9a)
\pgf@pt@x=\dimen315
\pgf@pt@y=\dimen316
\pgf@pt@temp=\dimen317
)
(C:\Program Files\MiKTeX 2.9\tex/generic/pgf/basiclayer\pgfcorequick.code.tex
File: pgfcorequick.code.tex 2021/05/15 v3.1.9a (3.1.9a)
)
(C:\Program Files\MiKTeX 2.9\tex/generic/pgf/basiclayer\pgfcoreobjects.code.tex
File: pgfcoreobjects.code.tex 2021/05/15 v3.1.9a (3.1.9a)
)
(C:\Program Files\MiKTeX 2.9\tex/generic/pgf/basiclayer\pgfcorepathprocessing.c
ode.tex
File: pgfcorepathprocessing.code.tex 2021/05/15 v3.1.9a (3.1.9a)
)
(C:\Program Files\MiKTeX 2.9\tex/generic/pgf/basiclayer\pgfcorearrows.code.tex
File: pgfcorearrows.code.tex 2021/05/15 v3.1.9a (3.1.9a)
\pgfarrowsep=\dimen318
) (C:\Program Files\MiKTeX 2.9\tex/generic/pgf/basiclayer\pgfcoreshade.code.tex
File: pgfcoreshade.code.tex 2021/05/15 v3.1.9a (3.1.9a)
\pgf@max=\dimen319
\pgf@sys@shading@range@num=\count345
\pgf@shadingcount=\count346
) (C:\Program Files\MiKTeX 2.9\tex/generic/pgf/basiclayer\pgfcoreimage.code.tex
File: pgfcoreimage.code.tex 2021/05/15 v3.1.9a (3.1.9a)

(C:\Program Files\MiKTeX 2.9\tex/generic/pgf/basiclayer\pgfcoreexternal.code.te
x
File: pgfcoreexternal.code.tex 2021/05/15 v3.1.9a (3.1.9a)
\pgfexternal@startupbox=\box69
))
(C:\Program Files\MiKTeX 2.9\tex/generic/pgf/basiclayer\pgfcorelayers.code.tex
File: pgfcorelayers.code.tex 2021/05/15 v3.1.9a (3.1.9a)
)
(C:\Program Files\MiKTeX 2.9\tex/generic/pgf/basiclayer\pgfcoretransparency.cod
e.tex
File: pgfcoretransparency.code.tex 2021/05/15 v3.1.9a (3.1.9a)
)
(C:\Program Files\MiKTeX 2.9\tex/generic/pgf/basiclayer\pgfcorepatterns.code.te
x
File: pgfcorepatterns.code.tex 2021/05/15 v3.1.9a (3.1.9a)
) (C:\Program Files\MiKTeX 2.9\tex/generic/pgf/basiclayer\pgfcorerdf.code.tex
File: pgfcorerdf.code.tex 2021/05/15 v3.1.9a (3.1.9a)
)))
(C:\Program Files\MiKTeX 2.9\tex/generic/pgf/modules\pgfmoduleshapes.code.tex
File: pgfmoduleshapes.code.tex 2021/05/15 v3.1.9a (3.1.9a)
\pgfnodeparttextbox=\box70
)
(C:\Program Files\MiKTeX 2.9\tex/generic/pgf/modules\pgfmoduleplot.code.tex
File: pgfmoduleplot.code.tex 2021/05/15 v3.1.9a (3.1.9a)
)
(C:\Program Files\MiKTeX 2.9\tex/latex/pgf/compatibility\pgfcomp-version-0-65.s
ty
Package: pgfcomp-version-0-65 2021/05/15 v3.1.9a (3.1.9a)
\pgf@nodesepstart=\dimen320
\pgf@nodesepend=\dimen321
)
(C:\Program Files\MiKTeX 2.9\tex/latex/pgf/compatibility\pgfcomp-version-1-18.s
ty
Package: pgfcomp-version-1-18 2021/05/15 v3.1.9a (3.1.9a)
)) (C:\Program Files\MiKTeX 2.9\tex/latex/pgf/utilities\pgffor.sty
(C:\Program Files\MiKTeX 2.9\tex/latex/pgf/utilities\pgfkeys.sty
(C:\Program Files\MiKTeX 2.9\tex/generic/pgf/utilities\pgfkeys.code.tex))
(C:\Program Files\MiKTeX 2.9\tex/latex/pgf/math\pgfmath.sty
(C:\Program Files\MiKTeX 2.9\tex/generic/pgf/math\pgfmath.code.tex))
(C:\Program Files\MiKTeX 2.9\tex/generic/pgf/utilities\pgffor.code.tex
Package: pgffor 2021/05/15 v3.1.9a (3.1.9a)

(C:\Program Files\MiKTeX 2.9\tex/generic/pgf/math\pgfmath.code.tex)
\pgffor@iter=\dimen322
\pgffor@skip=\dimen323
\pgffor@stack=\toks51
\pgffor@toks=\toks52
))
(C:\Program Files\MiKTeX 2.9\tex/generic/pgf/frontendlayer/tikz\tikz.code.tex
Package: tikz 2021/05/15 v3.1.9a (3.1.9a)

(C:\Program Files\MiKTeX 2.9\tex/generic/pgf/libraries\pgflibraryplothandlers.c
ode.tex
File: pgflibraryplothandlers.code.tex 2021/05/15 v3.1.9a (3.1.9a)
\pgf@plot@mark@count=\count347
\pgfplotmarksize=\dimen324
)
\tikz@lastx=\dimen325
\tikz@lasty=\dimen326
\tikz@lastxsaved=\dimen327
\tikz@lastysaved=\dimen328
\tikz@lastmovetox=\dimen329
\tikz@lastmovetoy=\dimen330
\tikzleveldistance=\dimen331
\tikzsiblingdistance=\dimen332
\tikz@figbox=\box71
\tikz@figbox@bg=\box72
\tikz@tempbox=\box73
\tikz@tempbox@bg=\box74
\tikztreelevel=\count348
\tikznumberofchildren=\count349
\tikznumberofcurrentchild=\count350
\tikz@fig@count=\count351

(C:\Program Files\MiKTeX 2.9\tex/generic/pgf/modules\pgfmodulematrix.code.tex
File: pgfmodulematrix.code.tex 2021/05/15 v3.1.9a (3.1.9a)
\pgfmatrixcurrentrow=\count352
\pgfmatrixcurrentcolumn=\count353
\pgf@matrix@numberofcolumns=\count354
)
\tikz@expandcount=\count355

(C:\Program Files\MiKTeX 2.9\tex/generic/pgf/frontendlayer/tikz/libraries\tikzl
ibrarytopaths.code.tex
File: tikzlibrarytopaths.code.tex 2021/05/15 v3.1.9a (3.1.9a)
)))
(C:\Program Files\MiKTeX 2.9\tex/generic/pgf/frontendlayer/tikz/libraries\tikzl
ibrarycalc.code.tex
File: tikzlibrarycalc.code.tex 2021/05/15 v3.1.9a (3.1.9a)
)
(C:\Program Files\MiKTeX 2.9\tex/generic/pgf/frontendlayer/tikz/libraries\tikzl
ibrarytrees.code.tex
File: tikzlibrarytrees.code.tex 2021/05/15 v3.1.9a (3.1.9a)
)
(C:\Program Files\MiKTeX 2.9\tex/generic/pgf/frontendlayer/tikz/libraries\tikzl
ibrarypositioning.code.tex
File: tikzlibrarypositioning.code.tex 2021/05/15 v3.1.9a (3.1.9a)
)
(C:\Program Files\MiKTeX 2.9\tex/generic/pgf/frontendlayer/tikz/libraries\tikzl
ibraryarrows.code.tex
File: tikzlibraryarrows.code.tex 2021/05/15 v3.1.9a (3.1.9a)

(C:\Program Files\MiKTeX 2.9\tex/generic/pgf/libraries\pgflibraryarrows.code.te
x
File: pgflibraryarrows.code.tex 2021/05/15 v3.1.9a (3.1.9a)
\arrowsize=\dimen333
))
(C:\Program Files\MiKTeX 2.9\tex/generic/pgf/frontendlayer/tikz/libraries\tikzl
ibrarychains.code.tex
File: tikzlibrarychains.code.tex 2021/05/15 v3.1.9a (3.1.9a)
)
(C:\Program Files\MiKTeX 2.9\tex/generic/pgf/frontendlayer/tikz/libraries\tikzl
ibraryshapes.geometric.code.tex
File: tikzlibraryshapes.geometric.code.tex 2021/05/15 v3.1.9a (3.1.9a)

(C:\Program Files\MiKTeX 2.9\tex/generic/pgf/libraries/shapes\pgflibraryshapes.
geometric.code.tex
File: pgflibraryshapes.geometric.code.tex 2021/05/15 v3.1.9a (3.1.9a)
))
(C:\Program Files\MiKTeX 2.9\tex/generic/pgf/frontendlayer/tikz/libraries\tikzl
ibrarydecorations.pathreplacing.code.tex
(C:\Program Files\MiKTeX 2.9\tex/generic/pgf/frontendlayer/tikz/libraries\tikzl
ibrarydecorations.code.tex
(C:\Program Files\MiKTeX 2.9\tex/generic/pgf/modules\pgfmoduledecorations.code.
tex
\pgfdecoratedcompleteddistance=\dimen334
\pgfdecoratedremainingdistance=\dimen335
\pgfdecoratedinputsegmentcompleteddistance=\dimen336
\pgfdecoratedinputsegmentremainingdistance=\dimen337
\pgf@decorate@distancetomove=\dimen338
\pgf@decorate@repeatstate=\count356
\pgfdecorationsegmentamplitude=\dimen339
\pgfdecorationsegmentlength=\dimen340
)
\tikz@lib@dec@box=\box75
)
(C:\Program Files\MiKTeX 2.9\tex/generic/pgf/libraries/decorations\pgflibraryde
corations.pathreplacing.code.tex))
(C:\Program Files\MiKTeX 2.9\tex/generic/pgf/frontendlayer/tikz/libraries\tikzl
ibrarydecorations.pathmorphing.code.tex
(C:\Program Files\MiKTeX 2.9\tex/generic/pgf/libraries/decorations\pgflibraryde
corations.pathmorphing.code.tex))
(C:\Program Files\MiKTeX 2.9\tex/generic/pgf/frontendlayer/tikz/libraries\tikzl
ibraryshapes.code.tex
File: tikzlibraryshapes.code.tex 2021/05/15 v3.1.9a (3.1.9a)

(C:\Program Files\MiKTeX 2.9\tex/generic/pgf/frontendlayer/tikz/libraries\tikzl
ibraryshapes.misc.code.tex
File: tikzlibraryshapes.misc.code.tex 2021/05/15 v3.1.9a (3.1.9a)

(C:\Program Files\MiKTeX 2.9\tex/generic/pgf/libraries/shapes\pgflibraryshapes.
misc.code.tex
File: pgflibraryshapes.misc.code.tex 2021/05/15 v3.1.9a (3.1.9a)
))
(C:\Program Files\MiKTeX 2.9\tex/generic/pgf/frontendlayer/tikz/libraries\tikzl
ibraryshapes.symbols.code.tex
File: tikzlibraryshapes.symbols.code.tex 2021/05/15 v3.1.9a (3.1.9a)

(C:\Program Files\MiKTeX 2.9\tex/generic/pgf/libraries/shapes\pgflibraryshapes.
symbols.code.tex
File: pgflibraryshapes.symbols.code.tex 2021/05/15 v3.1.9a (3.1.9a)
))
(C:\Program Files\MiKTeX 2.9\tex/generic/pgf/frontendlayer/tikz/libraries\tikzl
ibraryshapes.arrows.code.tex
File: tikzlibraryshapes.arrows.code.tex 2021/05/15 v3.1.9a (3.1.9a)

(C:\Program Files\MiKTeX 2.9\tex/generic/pgf/libraries/shapes\pgflibraryshapes.
arrows.code.tex
File: pgflibraryshapes.arrows.code.tex 2021/05/15 v3.1.9a (3.1.9a)
))
(C:\Program Files\MiKTeX 2.9\tex/generic/pgf/frontendlayer/tikz/libraries\tikzl
ibraryshapes.callouts.code.tex
(C:\Program Files\MiKTeX 2.9\tex/generic/pgf/libraries/shapes\pgflibraryshapes.
callouts.code.tex))
(C:\Program Files\MiKTeX 2.9\tex/generic/pgf/frontendlayer/tikz/libraries\tikzl
ibraryshapes.multipart.code.tex
File: tikzlibraryshapes.multipart.code.tex 2021/05/15 v3.1.9a (3.1.9a)

(C:\Program Files\MiKTeX 2.9\tex/generic/pgf/libraries/shapes\pgflibraryshapes.
multipart.code.tex
File: pgflibraryshapes.multipart.code.tex 2021/05/15 v3.1.9a (3.1.9a)
\pgfnodepartlowerbox=\box76
\pgfnodeparttwobox=\box77
\pgfnodepartthreebox=\box78
\pgfnodepartfourbox=\box79
\pgfnodeparttwentybox=\box80
\pgfnodepartnineteenbox=\box81
\pgfnodeparteighteenbox=\box82
\pgfnodepartseventeenbox=\box83
\pgfnodepartsixteenbox=\box84
\pgfnodepartfifteenbox=\box85
\pgfnodepartfourteenbox=\box86
\pgfnodepartthirteenbox=\box87
\pgfnodeparttwelvebox=\box88
\pgfnodepartelevenbox=\box89
\pgfnodeparttenbox=\box90
\pgfnodepartninebox=\box91
\pgfnodeparteightbox=\box92
\pgfnodepartsevenbox=\box93
\pgfnodepartsixbox=\box94
\pgfnodepartfivebox=\box95
)))
(C:\Program Files\MiKTeX 2.9\tex/generic/pgf/frontendlayer/tikz/libraries\tikzl
ibrarymatrix.code.tex
File: tikzlibrarymatrix.code.tex 2021/05/15 v3.1.9a (3.1.9a)
)
(C:\Program Files\MiKTeX 2.9\tex/latex/fncychap\fncychap.sty
Package: fncychap 2007/07/30 v1.34 LaTeX package (Revised chapters)
\RW=\skip84
\mylen=\skip85
\myhi=\skip86
\px=\skip87
\py=\skip88
\pyy=\skip89
\pxx=\skip90


Package fancychapter Warning: unknown style option on input line 647.

)

Package hyperref Warning: Unexpected value `black'
(hyperref)                of option `colorlinks' instead of
(hyperref)                `true' or 'false' on input line 107.

Package hyperref Info: Option `bookmarksopen' set `true' on input line 107.
Package hyperref Info: Option `bookmarksnumbered' set `true' on input line 107.

\zzz=\box96
LaTeX Font Info:    Trying to load font information for T1+ptm on input line 18
3.
(C:\Program Files\MiKTeX 2.9\tex/latex/psnfss\t1ptm.fd
File: t1ptm.fd 2001/06/04 font definitions for T1/ptm.
)
(C:\Program Files\MiKTeX 2.9\tex/latex/l3backend\l3backend-pdftex.def
File: l3backend-pdftex.def 2022-04-20 L3 backend support: PDF output (pdfTeX)
\l__color_backend_stack_int=\count357
\l__pdf_internal_box=\box97
)
(Ikhsan Mochammad Noor.aux

LaTeX Warning: Label `sec:modelpartikel' multiply defined.

)
\openout1 = `"Ikhsan Mochammad Noor.aux"'.

LaTeX Font Info:    Checking defaults for OML/cmm/m/it on input line 183.
LaTeX Font Info:    ... okay on input line 183.
LaTeX Font Info:    Checking defaults for OMS/cmsy/m/n on input line 183.
LaTeX Font Info:    ... okay on input line 183.
LaTeX Font Info:    Checking defaults for OT1/cmr/m/n on input line 183.
LaTeX Font Info:    ... okay on input line 183.
LaTeX Font Info:    Checking defaults for T1/cmr/m/n on input line 183.
LaTeX Font Info:    ... okay on input line 183.
LaTeX Font Info:    Checking defaults for TS1/cmr/m/n on input line 183.
LaTeX Font Info:    ... okay on input line 183.
LaTeX Font Info:    Checking defaults for OMX/cmex/m/n on input line 183.
LaTeX Font Info:    ... okay on input line 183.
LaTeX Font Info:    Checking defaults for U/cmr/m/n on input line 183.
LaTeX Font Info:    ... okay on input line 183.
LaTeX Font Info:    Checking defaults for PD1/pdf/m/n on input line 183.
LaTeX Font Info:    ... okay on input line 183.
LaTeX Font Info:    Checking defaults for PU/pdf/m/n on input line 183.
LaTeX Font Info:    ... okay on input line 183.

*geometry* driver: auto-detecting
*geometry* detected driver: pdftex
*geometry* verbose mode - [ preamble ] result:
* driver: pdftex
* paper: a4paper
* layout: <same size as paper>
* layoutoffset:(h,v)=(0.0pt,0.0pt)
* modes: 
* h-part:(L,W,R)=(113.81102pt, 398.3386pt, 85.35826pt)
* v-part:(T,H,B)=(113.81102pt, 645.87756pt, 85.35826pt)
* \paperwidth=597.50787pt
* \paperheight=845.04684pt
* \textwidth=398.3386pt
* \textheight=645.87756pt
* \oddsidemargin=41.54103pt
* \evensidemargin=41.54103pt
* \topmargin=4.54103pt
* \headheight=12.0pt
* \headsep=25.0pt
* \topskip=12.0pt
* \footskip=30.0pt
* \marginparwidth=35.0pt
* \marginparsep=10.0pt
* \columnsep=10.0pt
* \skip\footins=10.8pt plus 4.0pt minus 2.0pt
* \hoffset=0.0pt
* \voffset=0.0pt
* \mag=1000
* \@twocolumnfalse
* \@twosidefalse
* \@mparswitchfalse
* \@reversemarginfalse
* (1in=72.27pt=25.4mm, 1cm=28.453pt)

Package caption Info: Begin \AtBeginDocument code.
Package caption Info: End \AtBeginDocument code.
\c@maskedRefs=\count358

Package apacite Warning: No suitable language definition file (bahasa.apc) foun
d.

(C:\Program Files\MiKTeX 2.9\tex/context/base/mkii\supp-pdf.mkii
[Loading MPS to PDF converter (version 2006.09.02).]
\scratchcounter=\count359
\scratchdimen=\dimen341
\scratchbox=\box98
\nofMPsegments=\count360
\nofMParguments=\count361
\everyMPshowfont=\toks53
\MPscratchCnt=\count362
\MPscratchDim=\dimen342
\MPnumerator=\count363
\makeMPintoPDFobject=\count364
\everyMPtoPDFconversion=\toks54
) (C:\Program Files\MiKTeX 2.9\tex/latex/epstopdf-pkg\epstopdf-base.sty
Package: epstopdf-base 2020-01-24 v2.11 Base part for package epstopdf

(C:\Program Files\MiKTeX 2.9\tex/latex/grfext\grfext.sty
Package: grfext 2019/12/03 v1.3 Manage graphics extensions (HO)
)
Package epstopdf-base Info: Redefining graphics rule for `.eps' on input line 4
85.
Package grfext Info: Graphics extension search list:
(grfext)             [.pdf,.png,.jpg,.mps,.jpeg,.jbig2,.jb2,.PDF,.PNG,.JPG,.JPE
G,.JBIG2,.JB2,.eps]
(grfext)             \AppendGraphicsExtensions on input line 504.

(C:\Program Files\MiKTeX 2.9\tex/latex/00miktex\epstopdf-sys.cfg
File: epstopdf-sys.cfg 2021/03/18 v2.0 Configuration of epstopdf for MiKTeX
))
Package hyperref Info: Link coloring OFF on input line 183.

(Ikhsan Mochammad Noor.out) (Ikhsan Mochammad Noor.out)
\@outlinefile=\write4
\openout4 = `"Ikhsan Mochammad Noor.out"'.

 (file/cover.tex
<template/uin.jpg, id=185, 214.55156pt x 267.24844pt>
File: template/uin.jpg Graphic file (type jpg)
<use template/uin.jpg>
Package pdftex.def Info: template/uin.jpg  used on input line 16.
(pdftex.def)             Requested size: 119.50279pt x 148.85475pt.

[1
Non-PDF special ignored!
<special> header=pstricks.pro
Non-PDF special ignored!
<special> header=pst-algparser.pro
Non-PDF special ignored!
<special> header=pst-tools.pro
Non-PDF special ignored!
<special> header=pst-dots.pro
Non-PDF special ignored!
<special> header=pst-node.pro

Non-PDF special ignored!
<special> ps: /pssetRGBcolor /setrgbcolor load def /pssetCMYKcolor /setcmyk...
Non-PDF special ignored!
<special> ps:tx@Dict begin  gsave STV CP T /ps@rot 0 def grestore  end
Non-PDF special ignored!
<special> ps:tx@Dict begin  gsave STV CP T /ps@refangle 0.  def grestore  e...
Non-PDF special ignored!
<special> ps:0.8 setlinewidth 0 setgray
Non-PDF special ignored!
<special> ps:tx@Dict begin  gsave STV CP T /ps@rot 0 def grestore  end
{C:/ProgramData/MiKTeX/2.9/fonts/map/pdftex/pdftex.map} <./template/uin.jpg>])
(file/pernyataan.tex
Overfull \hbox (30.71002pt too wide) in paragraph at lines 7--18
[][]
 []


Underfull \hbox (badness 10000) in paragraph at lines 7--18

 []


Package hyperref Warning: Token not allowed in a PDF string (Unicode):
(hyperref)                removing `\uppercase' on input line 21.


Overfull \hbox (118.57344pt too wide) in paragraph at lines 26--31
[][] 
 []

) (file/persetujuan.tex [1]
Overfull \hbox (37.07191pt too wide) in paragraph at lines 13--24
[]
 []

) (file/pengesahan.tex [2

]
Overfull \hbox (75.68742pt too wide) in paragraph at lines 5--26
 [] 
 []

) (file/persembahan.tex [3

]) (file/abstrak.tex [4

]
Underfull \hbox (badness 2359) in paragraph at lines 6--7
[]\T1/ptm/m/n/12 MEKANISME FLOC-KING PAR-TI-KEL PA-DA DI-TE-
 []


Underfull \hbox (badness 2772) in paragraph at lines 6--7
\T1/ptm/m/n/12 RAPK-AN PA-DA PER-GE-RAK-AN TA-WAF DE-NGAN
 []


Underfull \hbox (badness 10000) in paragraph at lines 3--10

 []


Underfull \hbox (badness 10000) in paragraph at lines 11--12

 []

) (file/abstract.tex [5

]
Overfull \hbox (5.68431pt too wide) in paragraph at lines 2--9
[]
 []


Underfull \hbox (badness 10000) in paragraph at lines 2--9

 []


Underfull \hbox (badness 10000) in paragraph at lines 11--13

 []

) (file/pengantar.tex [6

]
Overfull \hbox (22.26683pt too wide) in paragraph at lines 7--8
\T1/ptm/m/n/12 PAR-TI-KEL PA-DA DI-TE-RAPK-AN PA-DA PER-GE-RAK-AN TA-WAF DE-NGA
N MENG-
 []

[7

] [8]) (file/daftar.tex [9] (Ikhsan Mochammad Noor.toc [10

])
\tf@toc=\write5
\openout5 = `"Ikhsan Mochammad Noor.toc"'.

 [11]
(Ikhsan Mochammad Noor.lof)
\tf@lof=\write6
\openout6 = `"Ikhsan Mochammad Noor.lof"'.

 [12

] (Ikhsan Mochammad Noor.lot)
\tf@lot=\write7
\openout7 = `"Ikhsan Mochammad Noor.lot"'.

)
(file/singkatan.tex [13

]) (file/simbol.tex [14

]
! Extra alignment tab has been changed to \cr.
<recently read> \endtemplate 
                             
l.10 $F$		 	 &
              :&	Function Flocking \\
You have given more \span or & marks than there were
in the preamble to the \halign or \valign now in progress.
So I'll assume that you meant to type \cr instead.

) (file/pendahuluan.tex [15

]
Chapter 1.

pdfTeX warning (ext4): destination with the same identifier (name{page.1}) has 
been already used, duplicate ignored
<to be read again> 
                   \relax 
l.11 
      [1

]
Overfull \hbox (41.78204pt too wide) in paragraph at lines 24--117
[][] 
 []

[2] [3]
Overfull \hbox (5.19304pt too wide) in paragraph at lines 133--134
[]\T1/ptm/m/n/12 Ruang da-lam me-la-kuk-an ta-waf di-se-der-ha-nak-an pem-ba-ta
s-an in-di-vi-du agar men-
 []

[4] [5]) (file/teori.tex [6]
Chapter 2.
[7

]
<gambar/allignment.jpg, id=455, 178.41656pt x 116.68594pt>
File: gambar/allignment.jpg Graphic file (type jpg)
<use gambar/allignment.jpg>
Package pdftex.def Info: gambar/allignment.jpg  used on input line 41.
(pdftex.def)             Requested size: 89.20805pt x 58.34282pt.
 [8
pdfTeX warning (ext4): destination with the same identifier (name{figure.2.1}) 
has been already used, duplicate ignored
<argument> ...shipout:D \box_use:N \l_shipout_box 
                                                  \__shipout_drop_firstpage_...
l.50 \end{equation}
                    <./gambar/allignment.jpg>]
<gambar/cohesion.jpg, id=470, 177.66376pt x 118.19156pt>
File: gambar/cohesion.jpg Graphic file (type jpg)
<use gambar/cohesion.jpg>
Package pdftex.def Info: gambar/cohesion.jpg  used on input line 53.
(pdftex.def)             Requested size: 88.83165pt x 59.09563pt.

Overfull \hbox (32.6459pt too wide) detected at line 65
[][]\OML/cmm/m/it/12 [] \OT1/cmr/m/n/12 = \OML/cmm/m/it/12 radius \OT1/cmr/m/n
/12 + \OML/cmm/m/it/12 radiusboidstetangga \OT1/cmr/m/n/12 + \OML/cmm/m/it/12 c
oefficientsintroversion \OT1/cmr/m/n/12 + \OML/cmm/m/it/12 koefficientsracism
 []

<gambar/separation.jpg, id=471, 177.66376pt x 117.43875pt>
File: gambar/separation.jpg Graphic file (type jpg)
<use gambar/separation.jpg>
Package pdftex.def Info: gambar/separation.jpg  used on input line 69.
(pdftex.def)             Requested size: 88.83165pt x 58.71922pt.
[9
pdfTeX warning (ext4): destination with the same identifier (name{figure.2.2}) 
has been already used, duplicate ignored
<argument> ...shipout:D \box_use:N \l_shipout_box 
                                                  \__shipout_drop_firstpage_...
l.81 \]
       
pdfTeX warning (ext4): destination with the same identifier (name{figure.2.3}) 
has been already used, duplicate ignored
<argument> ...shipout:D \box_use:N \l_shipout_box 
                                                  \__shipout_drop_firstpage_...
l.81 \]
        <./gambar/cohesion.jpg> <./gambar/separation.jpg>]
<gambar/ModelPartikel.JPG, id=480, 377.91188pt x 182.93344pt>
File: gambar/ModelPartikel.JPG Graphic file (type jpg)
<use gambar/ModelPartikel.JPG>
Package pdftex.def Info: gambar/ModelPartikel.JPG  used on input line 95.
(pdftex.def)             Requested size: 113.37444pt x 54.88045pt.
<gambar/layout2dmasjidilharam.png, id=481, 853.1875pt x 585.18625pt>
File: gambar/layout2dmasjidilharam.png Graphic file (type png)
<use gambar/layout2dmasjidilharam.png>
Package pdftex.def Info: gambar/layout2dmasjidilharam.png  used on input line 1
05.
(pdftex.def)             Requested size: 426.59271pt x 292.5924pt.

Overfull \hbox (28.25412pt too wide) in paragraph at lines 105--106
 [][] 
 []

[10
pdfTeX warning (ext4): destination with the same identifier (name{figure.2.4}) 
has been already used, duplicate ignored
<argument> ...shipout:D \box_use:N \l_shipout_box 
                                                  \__shipout_drop_firstpage_...
l.108 
       <./gambar/ModelPartikel.JPG>] [11
pdfTeX warning (ext4): destination with the same identifier (name{figure.2.5}) 
has been already used, duplicate ignored
<argument> ...shipout:D \box_use:N \l_shipout_box 
                                                  \__shipout_drop_firstpage_...
l.125 \begin{equation}
                       <./gambar/layout2dmasjidilharam.png>]
<gambar/comparison_euler.png, id=497, 722.7pt x 451.6875pt>
File: gambar/comparison_euler.png Graphic file (type png)
<use gambar/comparison_euler.png>
Package pdftex.def Info: gambar/comparison_euler.png  used on input line 180.
(pdftex.def)             Requested size: 361.3491pt x 225.84319pt.
 [12])
(file/metodologi.tex [13
pdfTeX warning (ext4): destination with the same identifier (name{figure.2.6}) 
has been already used, duplicate ignored
<argument> ...shipout:D \box_use:N \l_shipout_box 
                                                  \__shipout_drop_firstpage_...
l.5 \chapter
            {METODOLOGI PENELITIAN}\label{cha:metodologi} <./gambar/comparison_
euler.png>]
Chapter 3.
[14


pdfTeX warning (ext4): destination with the same identifier (name{table.3.1}) h
as been already used, duplicate ignored
<argument> ...shipout:D \box_use:N \l_shipout_box 
                                                  \__shipout_drop_firstpage_...
l.56 
     ] [15
pdfTeX warning (ext4): destination with the same identifier (name{table.3.2}) h
as been already used, duplicate ignored
<argument> ...shipout:D \box_use:N \l_shipout_box 
                                                  \__shipout_drop_firstpage_...
l.84 
     ]
Overfull \hbox (47.45741pt too wide) in paragraph at lines 97--108
 [] 
 []

<gambar/diagram.jpg, id=533, 569.87906pt x 371.13657pt>
File: gambar/diagram.jpg Graphic file (type jpg)
<use gambar/diagram.jpg>
Package pdftex.def Info: gambar/diagram.jpg  used on input line 117.
(pdftex.def)             Requested size: 284.93883pt x 185.56783pt.
[16
pdfTeX warning (ext4): destination with the same identifier (name{table.3.3}) h
as been already used, duplicate ignored
<argument> ...shipout:D \box_use:N \l_shipout_box 
                                                  \__shipout_drop_firstpage_...
l.119 \end{figure}
                  ] [17
pdfTeX warning (ext4): destination with the same identifier (name{figure.3.1}) 
has been already used, duplicate ignored
<argument> ...shipout:D \box_use:N \l_shipout_box 
                                                  \__shipout_drop_firstpage_...
l.129 
       <./gambar/diagram.jpg>]
Overfull \hbox (3.17914pt too wide) in paragraph at lines 130--131
\T1/ptm/m/n/12 atur-an ja-rak yang di-bu-tuhk-an un-tuk ga-ya mem-pe-nga-ru-hi 
bo-id agar me-la-kuk-an komp-
 []

) (file/hasil.tex [18]
Chapter 4.
<gambar/gambar1notawafflocking25.png, id=547, 601.4972pt x 411.03563pt>
File: gambar/gambar1notawafflocking25.png Graphic file (type png)
<use gambar/gambar1notawafflocking25.png>
Package pdftex.def Info: gambar/gambar1notawafflocking25.png  used on input lin
e 19.
(pdftex.def)             Requested size: 180.45055pt x 123.31163pt.
<gambar/gambar2notawafflocking50.png, id=548, 596.98032pt x 412.54124pt>
File: gambar/gambar2notawafflocking50.png Graphic file (type png)
<use gambar/gambar2notawafflocking50.png>
Package pdftex.def Info: gambar/gambar2notawafflocking50.png  used on input lin
e 20.
(pdftex.def)             Requested size: 179.09547pt x 123.76332pt.

Package natbib Warning: Citation `HUTH1992' on page 19 undefined on input line 
26.


Overfull \hbox (7.61736pt too wide) in paragraph at lines 31--31
|[]\T1/ptm/b/n/17.28 Flocking de-ngan Ga-ya Do-min-an(Circular Mo-tion)| 
 []

<gambar/gambar3tawafflocking25.png, id=550, 599.99156pt x 413.29407pt>
File: gambar/gambar3tawafflocking25.png Graphic file (type png)
<use gambar/gambar3tawafflocking25.png>
Package pdftex.def Info: gambar/gambar3tawafflocking25.png  used on input line 
35.
(pdftex.def)             Requested size: 359.99771pt x 247.97835pt.
[19


pdfTeX warning (ext4): destination with the same identifier (name{figure.4.1}) 
has been already used, duplicate ignored
<argument> ...shipout:D \box_use:N \l_shipout_box 
                                                  \__shipout_drop_firstpage_...
l.39 \hspace{0.6cm}
                    Pada bagian ini ditambahkannya dominan force pada persam...
 <./gambar/gambar1notawafflocking25.png> <./gambar/gambar2notawafflocking50.png
>]
<gambar/Kim2014.png, id=570, 226.59656pt x 170.13562pt>
File: gambar/Kim2014.png Graphic file (type png)
<use gambar/Kim2014.png>
Package pdftex.def Info: gambar/Kim2014.png  used on input line 42.
(pdftex.def)             Requested size: 135.95897pt x 102.08215pt.
 [20
pdfTeX warning (ext4): destination with the same identifier (name{figure.4.2}) 
has been already used, duplicate ignored
<argument> ...shipout:D \box_use:N \l_shipout_box 
                                                  \__shipout_drop_firstpage_...
l.45 
      <./gambar/gambar3tawafflocking25.png>]
Overfull \hbox (7.61736pt too wide) in paragraph at lines 48--48
|[]\T1/ptm/b/n/17.28 Flocking de-ngan Do-min-an Ga-ya(Circular Mo-tion)
 []

<gambar/gambar4tawafflocking25variabel.png, id=578, 599.99156pt x 411.03563pt>
File: gambar/gambar4tawafflocking25variabel.png Graphic file (type png)
<use gambar/gambar4tawafflocking25variabel.png>
Package pdftex.def Info: gambar/gambar4tawafflocking25variabel.png  used on inp
ut line 57.
(pdftex.def)             Requested size: 239.99237pt x 164.41133pt.
<gambar/gambar5tawafflocking50variabel.png, id=579, 600.74437pt x 411.78844pt>
File: gambar/gambar5tawafflocking50variabel.png Graphic file (type png)
<use gambar/gambar5tawafflocking50variabel.png>
Package pdftex.def Info: gambar/gambar5tawafflocking50variabel.png  used on inp
ut line 58.
(pdftex.def)             Requested size: 240.29349pt x 164.71245pt.
[21
pdfTeX warning (ext4): destination with the same identifier (name{figure.4.3}) 
has been already used, duplicate ignored
<argument> ...shipout:D \box_use:N \l_shipout_box 
                                                  \__shipout_drop_firstpage_...
l.62 
      <./gambar/Kim2014.png>] [22
pdfTeX warning (ext4): destination with the same identifier (name{figure.4.4}) 
has been already used, duplicate ignored
<argument> ...shipout:D \box_use:N \l_shipout_box 
                                                  \__shipout_drop_firstpage_...
l.64 
      <./gambar/gambar4tawafflocking25variabel.png> <./gambar/gambar5tawafflock
ing50variabel.png>]
<gambar/PaperNasir.JPG, id=597, 720.44156pt x 584.93532pt>
File: gambar/PaperNasir.JPG Graphic file (type jpg)
<use gambar/PaperNasir.JPG>
Package pdftex.def Info: gambar/PaperNasir.JPG  used on input line 96.
(pdftex.def)             Requested size: 288.17151pt x 233.96997pt.


LaTeX Warning: Reference `fig:nasir1' on page 23 undefined on input line 101.

<gambar/Bajec.PNG, id=603, 709.65125pt x 356.33125pt>
File: gambar/Bajec.PNG Graphic file (type png)
<use gambar/Bajec.PNG>
Package pdftex.def Info: gambar/Bajec.PNG  used on input line 105.
(pdftex.def)             Requested size: 283.85547pt x 142.52997pt.
[23
pdfTeX warning (ext4): destination with the same identifier (name{figure.4.5}) 
has been already used, duplicate ignored
<argument> ...shipout:D \box_use:N \l_shipout_box 
                                                  \__shipout_drop_firstpage_...
l.109 \hspace{0.6cm}
                    Hasil penelitian yang telah dilakukan oleh \citep{Bajec2...
 <./gambar/PaperNasir.JPG>]) (file/penutup.tex [24
pdfTeX warning (ext4): destination with the same identifier (name{figure.4.6}) 
has been already used, duplicate ignored
<argument> ...shipout:D \box_use:N \l_shipout_box 
                                                  \__shipout_drop_firstpage_...
l.3 \chapter
            {PENUTUP}\label{cha:penutup} <./gambar/Bajec.PNG (PNG copy)>]
Chapter 5.
[25

]) [26] (Ikhsan Mochammad Noor.bbl
LaTeX Font Info:    Trying to load font information for TS1+ptm on input line 1
1.

(C:\Program Files\MiKTeX 2.9\tex/latex/psnfss\ts1ptm.fd
File: ts1ptm.fd 2001/06/04 font definitions for TS1/ptm.
)
! Misplaced alignment tab character &.
l.13 \newblock {\em Computers &
                                Graphics}, {\bf 36}(04), 7079.
I can't figure out why you would want to use a tab mark
here. If you just want an ampersand, the remedy is
simple: Just type `I\&' now. But if some right brace
up above has ended a previous alignment prematurely,
you're probably due for more error messages, and you
might try typing `S' now just to see what is salvageable.

[27


]) (file/index.tex [28]) (appendix.tex
Underfull \hbox (badness 10000) in paragraph at lines 2--1

 []

[29

]
pdfTeX warning (ext4): destination with the same identifier (name{chapter.1}) h
as been already used, duplicate ignored
<to be read again> 
                   \relax 
l.5 \chapter{sumber kode}
                         
LAMPIRAN A.
(lampiran/riwayat.tex [30


]
pdfTeX warning (ext4): destination with the same identifier (name{chapter.2}) h
as been already used, duplicate ignored
<to be read again> 
                   \relax 
l.3 \chapter{Riwayat Hidup}
                           
LAMPIRAN B.
))

Package natbib Warning: There were undefined citations.

[31

]

! LaTeX Error: \begin{enumerate} on input line 8 ended by \end{document}.

See the LaTeX manual or LaTeX Companion for explanation.
Type  H <return>  for immediate help.
 ...                                              
                                                  
l.209 \end{document}
                    
Your command was ignored.
Type  I <command> <return>  to replace it with another command,
or  <return>  to continue without it.

(Ikhsan Mochammad Noor.aux)

LaTeX Warning: There were undefined references.


LaTeX Warning: There were multiply-defined labels.

Package rerunfilecheck Info: File `"Ikhsan Mochammad Noor".out' has not changed
.
(rerunfilecheck)             Checksum: 2AD2FBFF981A52E27732923B903C9D73;7540.
 )
(\end occurred inside a group at level 1)

### semi simple group (level 1) entered at line 8 (\begingroup)
### bottom level
(\end occurred when \ifx on line 66 was incomplete) 
Here is how much of TeX's memory you used:
 30558 strings out of 478317
 593633 string characters out of 2843678
 943057 words of memory out of 3000000
 48126 multiletter control sequences out of 15000+600000
 519226 words of font info for 80 fonts, out of 8000000 for 9000
 1141 hyphenation exceptions out of 8191
 79i,12n,80p,2105b,728s stack positions out of 10000i,1000n,20000p,200000b,80000s
{C:/Program Files/MiKTeX 2.9
/fonts/enc/dvips/base/8r.enc}<C:/Program Files/MiKTeX 2.9/fonts/type1/public/am
sfonts/cm/cmex10.pfb><C:/Program Files/MiKTeX 2.9/fonts/type1/public/amsfonts/c
m/cmmi12.pfb><C:/Program Files/MiKTeX 2.9/fonts/type1/public/amsfonts/cm/cmmi6.
pfb><C:/Program Files/MiKTeX 2.9/fonts/type1/public/amsfonts/cm/cmmi8.pfb><C:/P
rogram Files/MiKTeX 2.9/fonts/type1/public/amsfonts/cm/cmr12.pfb><C:/Program Fi
les/MiKTeX 2.9/fonts/type1/public/amsfonts/cm/cmr6.pfb><C:/Program Files/MiKTeX
 2.9/fonts/type1/public/amsfonts/cm/cmr8.pfb><C:/Program Files/MiKTeX 2.9/fonts
/type1/public/amsfonts/cm/cmsy10.pfb><C:/Program Files/MiKTeX 2.9/fonts/type1/p
ublic/amsfonts/cm/cmsy8.pfb><C:/Program Files/MiKTeX 2.9/fonts/type1/urw/times/
utmb8a.pfb><C:/Program Files/MiKTeX 2.9/fonts/type1/urw/times/utmbi8a.pfb><C:/P
rogram Files/MiKTeX 2.9/fonts/type1/urw/times/utmr8a.pfb><C:/Program Files/MiKT
eX 2.9/fonts/type1/urw/times/utmri8a.pfb>
Output written on "Ikhsan Mochammad Noor.pdf" (47 pages, 1257175 bytes).
PDF statistics:
 744 PDF objects out of 1000 (max. 8388607)
 176 named destinations out of 1000 (max. 500000)
 477 words of extra memory for PDF output out of 10000 (max. 10000000)

